<?xml version="1.0" encoding="UTF-8"?>
<!-- Generated by org.testng.reporters.JUnitReportReporter -->
<testsuite skipped="1" hostname="USER-PC" name="demobank.testcases.TC_LoginDOT_002" tests="1" failures="0" timestamp="03 Feb 2020 11:14:46 GMT" time="0.000" errors="0">
  <testcase name="LogingDOT" time="0.000" classname="demobank.testcases.TC_LoginDOT_002">
    <skipped/>
  </testcase> <!-- LogingDOT -->
</testsuite> <!-- demobank.testcases.TC_LoginDOT_002 -->
