<?xml version="1.0" encoding="UTF-8"?>
<!-- Generated by org.testng.reporters.JUnitReportReporter -->
<testsuite skipped="0" hostname="USER-PC" name="demobank.testcases.Tc_LoginTest_001" tests="1" failures="0" timestamp="31 Jan 2020 10:10:40 GMT" time="11.001" errors="0">
  <testcase name="LoginTest" time="11.001" classname="demobank.testcases.Tc_LoginTest_001"/>
</testsuite> <!-- demobank.testcases.Tc_LoginTest_001 -->
